Starting server
Initializing Users list
loading data for all users
Fetching data from the DB for user gagan
User data loaded for user gagan
Fetching data from the DB for user kuldeep
User data loaded for user kuldeep
done reading data
Finish initializing user list

----Server Started -----   Fri Dec 16 14:17:05 IST 2011
Sign in request from : gagan
Validating : gagan
Fetching data from the DB for user gagan
User data loaded for user gagan
Login successful
Calling status updater to update user status to other user about new user status status
Returning all user list to the user
Loading offline messages for user gagan
Offline messages not found for user gagan
Received message from: gagan
Message for: {kuldeep}
Calling invoker to dispatch message
Sending message to kuldeep
Message contents : [gagan] -> HELLO

kuldeep is offline writing message to system
done writing message to system
Received message from: gagan
Message for: {kuldeep}
Calling invoker to dispatch message
Sending message to kuldeep
Message contents : [gagan] -> HI HIS HIS HI

kuldeep is offline writing message to system
done writing message to system
Request to sign out the user from user gagan
Updating other users about offline user status 
Sign in request from : gagan
Validating : gagan
Fetching data from the DB for user gagan
User data loaded for user gagan
Login successful
Calling status updater to update user status to other user about new user status status
Returning all user list to the user
Loading offline messages for user gagan
Offline messages not found for user gagan
Sign in request from : sagar
Validating : sagar
Fetching data from the DB for user sagar
Failed to load user data F:\Projects\Chat Software\Chat Server\userDB\sagar.xml (The system cannot find the file specified)
Invalid user ID
Sign in request from : kuldeep
Validating : kuldeep
Fetching data from the DB for user kuldeep
User data loaded for user kuldeep
Login successful
Calling status updater to update user status to other user about new user status status
Returning all user list to the user
Loading offline messages for user kuldeep
Offline messages loaded
Deleting offline message of kuldeep
Offline message deleted
Deleting offline message of kuldeep
Request to sign out the user from user gagan
Updating other users about offline user status 
Request to sign out the user from user kuldeep
Updating other users about offline user status 
Sign in request from : gagan
Validating : gagan
Fetching data from the DB for user gagan
User data loaded for user gagan
Invalid user password
Sign in request from : gagan
Validating : gagan
Fetching data from the DB for user gagan
User data loaded for user gagan
Login successful
Calling status updater to update user status to other user about new user status status
Returning all user list to the user
Loading offline messages for user gagan
Offline messages not found for user gagan
Request to sign out the user from user gagan
Updating other users about offline user status 
