Starting server
Initializing Users list
loading data for all users
Fetching data from the DB for user gagan
User data loaded for user gagan
Fetching data from the DB for user kuldeep
User data loaded for user kuldeep
done reading data
Finish initializing user list

----Server Started -----   Fri Nov 07 12:51:08 GMT 2008
Sign in request from : kuldeep
Validating : kuldeep
Fetching data from the DB for user kuldeep
User data loaded for user kuldeep
Login successful
Calling status updater to update user status to other user about new user status status
Returning all user list to the user
Loading offline messages for user kuldeep
Offline messages not found for user kuldeep
Sign in request from : gagan
Validating : gagan
Fetching data from the DB for user gagan
User data loaded for user gagan
Login successful
Calling status updater to update user status to other user about new user status status
Returning all user list to the user
Loading offline messages for user gagan
Offline messages loaded
Deleting offline message of gagan
Offline message deleted
Received message from: kuldeep
Message for: {gagan}
Calling invoker to dispatch message
Sending message to gagan
Message contents : [kuldeep] -> HI

Message sent to gagan
Received message from: gagan
Message for: {kuldeep}
Calling invoker to dispatch message
Sending message to kuldeep
Message contents : [gagan] -> Hii

Message sent to kuldeep
Received message from: gagan
Message for: {kuldeep}
Calling invoker to dispatch message
Sending message to kuldeep
Message contents : [gagan] -> I am here

Message sent to kuldeep
Received message from: kuldeep
Message for: {gagan}
Calling invoker to dispatch message
Sending message to gagan
Message contents : [kuldeep] -> Wow

Message sent to gagan
Received message from: kuldeep
Message for: {gagan}
Calling invoker to dispatch message
Sending message to gagan
Message contents : [kuldeep] -> dsds shdskldhs dss 

Message sent to gagan
Received message from: kuldeep
Message for: {gagan}
Calling invoker to dispatch message
Sending message to gagan
Message contents : [kuldeep] -> hello

Message sent to gagan
Received message from: kuldeep
Message for: {gagan}
Calling invoker to dispatch message
Sending message to gagan
Message contents : [kuldeep] -> fdsds
Message sent to gagan
Request to sign out the user from user kuldeep
Updating other users about offline user status 
Request to sign out the user from user gagan
Updating other users about offline user status 
